-------------------------------------------------------------------------------
Test set: ir.ac.kntu.style.CheckPMDTest
-------------------------------------------------------------------------------
Tests run: 1, Failures: 1, Errors: 0, Skipped: 0, Time elapsed: 0.528 sec <<< FAILURE! - in ir.ac.kntu.style.CheckPMDTest
testPMD(ir.ac.kntu.style.CheckPMDTest)  Time elapsed: 0.528 sec  <<< FAILURE!
java.lang.AssertionError: No Vilation in Resource Closing expected:<0> but was:<1>
	at ir.ac.kntu.style.CheckPMDTest.testPMD(CheckPMDTest.java:43)

