<?xml version="1.0" encoding="UTF-8"?>
<testsuite xmlns:xsi="http://www.w3.org/2001/XMLSchema-instance" xsi:schemaLocation="https://maven.apache.org/surefire/maven-surefire-plugin/xsd/surefire-test-report.xsd" name="ir.ac.kntu.test.DatabaseTest" time="0.008" tests="10" errors="0" skipped="0" failures="0">
  <properties>
[...]
</properties>
  <testcase name="getProfessorByIdTest" classname="ir.ac.kntu.test.DatabaseTest" time="0.001"/>
  <testcase name="removeGroupLessonTest" classname="ir.ac.kntu.test.DatabaseTest" time="0.001"/>
  <testcase name="getProfsTest" classname="ir.ac.kntu.test.DatabaseTest" time="0.001"/>
  <testcase name="getStudentByIdTest" classname="ir.ac.kntu.test.DatabaseTest" time="0.001"/>
  <testcase name="getLessonGroups" classname="ir.ac.kntu.test.DatabaseTest" time="0.001"/>
  <testcase name="removeStudentTest" classname="ir.ac.kntu.test.DatabaseTest" time="0"/>
  <testcase name="getLessonGroupByIdTest" classname="ir.ac.kntu.test.DatabaseTest" time="0.001"/>
  <testcase name="updateStudentTest" classname="ir.ac.kntu.test.DatabaseTest" time="0.001"/>
  <testcase name="getStudentsTest" classname="ir.ac.kntu.test.DatabaseTest" time="0"/>
  <testcase name="removeProfTest" classname="ir.ac.kntu.test.DatabaseTest" time="0.001"/>
</testsuite>